The system is: Linux - 5.10.50-amd64-desktop - x86_64
Compiling the CXX compiler identification source file "CMakeCXXCompilerId.cpp" succeeded.
Compiler: /usr/local/arm/arm-linux-4.4.3/bin/arm-none-linux-gnueabi-g++ 
Build flags: 
Id flags:  

The output was:
0


Compilation of the CXX compiler identification source "CMakeCXXCompilerId.cpp" produced "a.out"

The CXX compiler identification is GNU, found in "/home/nfs/home/LFAC/thirdparty/QEXT/build/CMakeFiles/3.13.4/CompilerIdCXX/a.out"

Determining if the CXX compiler works passed with the following output:
Change Dir: /home/nfs/home/LFAC/thirdparty/QEXT/build/CMakeFiles/CMakeTmp

Run Build Command:"/usr/bin/make" "cmTC_5c28e/fast"
/usr/bin/make -f CMakeFiles/cmTC_5c28e.dir/build.make CMakeFiles/cmTC_5c28e.dir/build
make[1]: 进入目录“/home/nfs/home/LFAC/thirdparty/QEXT/build/CMakeFiles/CMakeTmp”
Building CXX object CMakeFiles/cmTC_5c28e.dir/testCXXCompiler.cxx.o
/usr/local/arm/arm-linux-4.4.3/bin/arm-none-linux-gnueabi-g++     -o CMakeFiles/cmTC_5c28e.dir/testCXXCompiler.cxx.o -c /home/nfs/home/LFAC/thirdparty/QEXT/build/CMakeFiles/CMakeTmp/testCXXCompiler.cxx
Linking CXX executable cmTC_5c28e
/usr/bin/cmake -E cmake_link_script CMakeFiles/cmTC_5c28e.dir/link.txt --verbose=1
/usr/local/arm/arm-linux-4.4.3/bin/arm-none-linux-gnueabi-g++       CMakeFiles/cmTC_5c28e.dir/testCXXCompiler.cxx.o  -o cmTC_5c28e 
make[1]: 离开目录“/home/nfs/home/LFAC/thirdparty/QEXT/build/CMakeFiles/CMakeTmp”


Detecting CXX compiler ABI info compiled with the following output:
Change Dir: /home/nfs/home/LFAC/thirdparty/QEXT/build/CMakeFiles/CMakeTmp

Run Build Command:"/usr/bin/make" "cmTC_27715/fast"
/usr/bin/make -f CMakeFiles/cmTC_27715.dir/build.make CMakeFiles/cmTC_27715.dir/build
make[1]: 进入目录“/home/nfs/home/LFAC/thirdparty/QEXT/build/CMakeFiles/CMakeTmp”
Building CXX object CMakeFiles/cmTC_27715.dir/CMakeCXXCompilerABI.cpp.o
/usr/local/arm/arm-linux-4.4.3/bin/arm-none-linux-gnueabi-g++     -o CMakeFiles/cmTC_27715.dir/CMakeCXXCompilerABI.cpp.o -c /usr/share/cmake-3.13/Modules/CMakeCXXCompilerABI.cpp
Linking CXX executable cmTC_27715
/usr/bin/cmake -E cmake_link_script CMakeFiles/cmTC_27715.dir/link.txt --verbose=1
/usr/local/arm/arm-linux-4.4.3/bin/arm-none-linux-gnueabi-g++      -v CMakeFiles/cmTC_27715.dir/CMakeCXXCompilerABI.cpp.o  -o cmTC_27715 
Using built-in specs.
Target: arm-none-linux-gnueabi
Configured with: /opt/FriendlyARM/mini2440/build-toolschain/working/src/gcc-4.4.3/configure --build=i386-build_redhat-linux-gnu --host=i386-build_redhat-linux-gnu --target=arm-none-linux-gnueabi --prefix=/opt/FriendlyARM/toolschain/4.4.3 --with-sysroot=/opt/FriendlyARM/toolschain/4.4.3/arm-none-linux-gnueabi//sys-root --enable-languages=c,c++ --disable-multilib --with-arch=armv4t --with-cpu=arm920t --with-tune=arm920t --with-float=soft --with-pkgversion=ctng-1.6.1 --disable-sjlj-exceptions --enable-__cxa_atexit --with-gmp=/opt/FriendlyARM/toolschain/4.4.3 --with-mpfr=/opt/FriendlyARM/toolschain/4.4.3 --with-ppl=/opt/FriendlyARM/toolschain/4.4.3 --with-cloog=/opt/FriendlyARM/toolschain/4.4.3 --with-mpc=/opt/FriendlyARM/toolschain/4.4.3 --with-local-prefix=/opt/FriendlyARM/toolschain/4.4.3/arm-none-linux-gnueabi//sys-root --disable-nls --enable-threads=posix --enable-symvers=gnu --enable-c99 --enable-long-long --enable-target-optspace
Thread model: posix
gcc version 4.4.3 (ctng-1.6.1) 
COMPILER_PATH=/usr/local/arm/arm-linux-4.4.3/bin/../libexec/gcc/arm-none-linux-gnueabi/4.4.3/:/usr/local/arm/arm-linux-4.4.3/bin/../libexec/gcc/:/usr/local/arm/arm-linux-4.4.3/bin/../lib/gcc/arm-none-linux-gnueabi/4.4.3/../../../../arm-none-linux-gnueabi/bin/
LIBRARY_PATH=/usr/local/arm/arm-linux-4.4.3/bin/../lib/gcc/arm-none-linux-gnueabi/4.4.3/:/usr/local/arm/arm-linux-4.4.3/bin/../lib/gcc/:/usr/local/arm/arm-linux-4.4.3/bin/../lib/gcc/arm-none-linux-gnueabi/4.4.3/../../../../arm-none-linux-gnueabi/lib/:/usr/local/arm/arm-linux-4.4.3/bin/../arm-none-linux-gnueabi//sys-root/lib/:/usr/local/arm/arm-linux-4.4.3/bin/../arm-none-linux-gnueabi//sys-root/usr/lib/
COLLECT_GCC_OPTIONS='-v' '-o' 'cmTC_27715' '-shared-libgcc' '-march=armv4t' '-mtune=arm920t' '-mfloat-abi=soft'
 /usr/local/arm/arm-linux-4.4.3/bin/../libexec/gcc/arm-none-linux-gnueabi/4.4.3/collect2 --sysroot=/usr/local/arm/arm-linux-4.4.3/bin/../arm-none-linux-gnueabi//sys-root --eh-frame-hdr -dynamic-linker /lib/ld-linux.so.3 -X -m armelf_linux_eabi -o cmTC_27715 /usr/local/arm/arm-linux-4.4.3/bin/../arm-none-linux-gnueabi//sys-root/usr/lib/crt1.o /usr/local/arm/arm-linux-4.4.3/bin/../arm-none-linux-gnueabi//sys-root/usr/lib/crti.o /usr/local/arm/arm-linux-4.4.3/bin/../lib/gcc/arm-none-linux-gnueabi/4.4.3/crtbegin.o -L/usr/local/arm/arm-linux-4.4.3/bin/../lib/gcc/arm-none-linux-gnueabi/4.4.3 -L/usr/local/arm/arm-linux-4.4.3/bin/../lib/gcc -L/usr/local/arm/arm-linux-4.4.3/bin/../lib/gcc/arm-none-linux-gnueabi/4.4.3/../../../../arm-none-linux-gnueabi/lib -L/usr/local/arm/arm-linux-4.4.3/bin/../arm-none-linux-gnueabi//sys-root/lib -L/usr/local/arm/arm-linux-4.4.3/bin/../arm-none-linux-gnueabi//sys-root/usr/lib CMakeFiles/cmTC_27715.dir/CMakeCXXCompilerABI.cpp.o -lstdc++ -lm -lgcc_s -lgcc -lc -lgcc_s -lgcc /usr/local/arm/arm-linux-4.4.3/bin/../lib/gcc/arm-none-linux-gnueabi/4.4.3/crtend.o /usr/local/arm/arm-linux-4.4.3/bin/../arm-none-linux-gnueabi//sys-root/usr/lib/crtn.o
make[1]: 离开目录“/home/nfs/home/LFAC/thirdparty/QEXT/build/CMakeFiles/CMakeTmp”


Parsed CXX implicit link information from above output:
  link line regex: [^( *|.*[/\])(ld|CMAKE_LINK_STARTFILE-NOTFOUND|([^/\]+-)?ld|collect2)[^/\]*( |$)]
  ignore line: [Change Dir: /home/nfs/home/LFAC/thirdparty/QEXT/build/CMakeFiles/CMakeTmp]
  ignore line: []
  ignore line: [Run Build Command:"/usr/bin/make" "cmTC_27715/fast"]
  ignore line: [/usr/bin/make -f CMakeFiles/cmTC_27715.dir/build.make CMakeFiles/cmTC_27715.dir/build]
  ignore line: [make[1]: 进入目录“/home/nfs/home/LFAC/thirdparty/QEXT/build/CMakeFiles/CMakeTmp”]
  ignore line: [Building CXX object CMakeFiles/cmTC_27715.dir/CMakeCXXCompilerABI.cpp.o]
  ignore line: [/usr/local/arm/arm-linux-4.4.3/bin/arm-none-linux-gnueabi-g++     -o CMakeFiles/cmTC_27715.dir/CMakeCXXCompilerABI.cpp.o -c /usr/share/cmake-3.13/Modules/CMakeCXXCompilerABI.cpp]
  ignore line: [Linking CXX executable cmTC_27715]
  ignore line: [/usr/bin/cmake -E cmake_link_script CMakeFiles/cmTC_27715.dir/link.txt --verbose=1]
  ignore line: [/usr/local/arm/arm-linux-4.4.3/bin/arm-none-linux-gnueabi-g++      -v CMakeFiles/cmTC_27715.dir/CMakeCXXCompilerABI.cpp.o  -o cmTC_27715 ]
  ignore line: [Using built-in specs.]
  ignore line: [Target: arm-none-linux-gnueabi]
  ignore line: [Configured with: /opt/FriendlyARM/mini2440/build-toolschain/working/src/gcc-4.4.3/configure --build=i386-build_redhat-linux-gnu --host=i386-build_redhat-linux-gnu --target=arm-none-linux-gnueabi --prefix=/opt/FriendlyARM/toolschain/4.4.3 --with-sysroot=/opt/FriendlyARM/toolschain/4.4.3/arm-none-linux-gnueabi//sys-root --enable-languages=c,c++ --disable-multilib --with-arch=armv4t --with-cpu=arm920t --with-tune=arm920t --with-float=soft --with-pkgversion=ctng-1.6.1 --disable-sjlj-exceptions --enable-__cxa_atexit --with-gmp=/opt/FriendlyARM/toolschain/4.4.3 --with-mpfr=/opt/FriendlyARM/toolschain/4.4.3 --with-ppl=/opt/FriendlyARM/toolschain/4.4.3 --with-cloog=/opt/FriendlyARM/toolschain/4.4.3 --with-mpc=/opt/FriendlyARM/toolschain/4.4.3 --with-local-prefix=/opt/FriendlyARM/toolschain/4.4.3/arm-none-linux-gnueabi//sys-root --disable-nls --enable-threads=posix --enable-symvers=gnu --enable-c99 --enable-long-long --enable-target-optspace]
  ignore line: [Thread model: posix]
  ignore line: [gcc version 4.4.3 (ctng-1.6.1) ]
  ignore line: [COMPILER_PATH=/usr/local/arm/arm-linux-4.4.3/bin/../libexec/gcc/arm-none-linux-gnueabi/4.4.3/:/usr/local/arm/arm-linux-4.4.3/bin/../libexec/gcc/:/usr/local/arm/arm-linux-4.4.3/bin/../lib/gcc/arm-none-linux-gnueabi/4.4.3/../../../../arm-none-linux-gnueabi/bin/]
  ignore line: [LIBRARY_PATH=/usr/local/arm/arm-linux-4.4.3/bin/../lib/gcc/arm-none-linux-gnueabi/4.4.3/:/usr/local/arm/arm-linux-4.4.3/bin/../lib/gcc/:/usr/local/arm/arm-linux-4.4.3/bin/../lib/gcc/arm-none-linux-gnueabi/4.4.3/../../../../arm-none-linux-gnueabi/lib/:/usr/local/arm/arm-linux-4.4.3/bin/../arm-none-linux-gnueabi//sys-root/lib/:/usr/local/arm/arm-linux-4.4.3/bin/../arm-none-linux-gnueabi//sys-root/usr/lib/]
  ignore line: [COLLECT_GCC_OPTIONS='-v' '-o' 'cmTC_27715' '-shared-libgcc' '-march=armv4t' '-mtune=arm920t' '-mfloat-abi=soft']
  link line: [ /usr/local/arm/arm-linux-4.4.3/bin/../libexec/gcc/arm-none-linux-gnueabi/4.4.3/collect2 --sysroot=/usr/local/arm/arm-linux-4.4.3/bin/../arm-none-linux-gnueabi//sys-root --eh-frame-hdr -dynamic-linker /lib/ld-linux.so.3 -X -m armelf_linux_eabi -o cmTC_27715 /usr/local/arm/arm-linux-4.4.3/bin/../arm-none-linux-gnueabi//sys-root/usr/lib/crt1.o /usr/local/arm/arm-linux-4.4.3/bin/../arm-none-linux-gnueabi//sys-root/usr/lib/crti.o /usr/local/arm/arm-linux-4.4.3/bin/../lib/gcc/arm-none-linux-gnueabi/4.4.3/crtbegin.o -L/usr/local/arm/arm-linux-4.4.3/bin/../lib/gcc/arm-none-linux-gnueabi/4.4.3 -L/usr/local/arm/arm-linux-4.4.3/bin/../lib/gcc -L/usr/local/arm/arm-linux-4.4.3/bin/../lib/gcc/arm-none-linux-gnueabi/4.4.3/../../../../arm-none-linux-gnueabi/lib -L/usr/local/arm/arm-linux-4.4.3/bin/../arm-none-linux-gnueabi//sys-root/lib -L/usr/local/arm/arm-linux-4.4.3/bin/../arm-none-linux-gnueabi//sys-root/usr/lib CMakeFiles/cmTC_27715.dir/CMakeCXXCompilerABI.cpp.o -lstdc++ -lm -lgcc_s -lgcc -lc -lgcc_s -lgcc /usr/local/arm/arm-linux-4.4.3/bin/../lib/gcc/arm-none-linux-gnueabi/4.4.3/crtend.o /usr/local/arm/arm-linux-4.4.3/bin/../arm-none-linux-gnueabi//sys-root/usr/lib/crtn.o]
    arg [/usr/local/arm/arm-linux-4.4.3/bin/../libexec/gcc/arm-none-linux-gnueabi/4.4.3/collect2] ==> ignore
    arg [--sysroot=/usr/local/arm/arm-linux-4.4.3/bin/../arm-none-linux-gnueabi//sys-root] ==> ignore
    arg [--eh-frame-hdr] ==> ignore
    arg [-dynamic-linker] ==> ignore
    arg [/lib/ld-linux.so.3] ==> ignore
    arg [-X] ==> ignore
    arg [-m] ==> ignore
    arg [armelf_linux_eabi] ==> ignore
    arg [-o] ==> ignore
    arg [cmTC_27715] ==> ignore
    arg [/usr/local/arm/arm-linux-4.4.3/bin/../arm-none-linux-gnueabi//sys-root/usr/lib/crt1.o] ==> ignore
    arg [/usr/local/arm/arm-linux-4.4.3/bin/../arm-none-linux-gnueabi//sys-root/usr/lib/crti.o] ==> ignore
    arg [/usr/local/arm/arm-linux-4.4.3/bin/../lib/gcc/arm-none-linux-gnueabi/4.4.3/crtbegin.o] ==> ignore
    arg [-L/usr/local/arm/arm-linux-4.4.3/bin/../lib/gcc/arm-none-linux-gnueabi/4.4.3] ==> dir [/usr/local/arm/arm-linux-4.4.3/bin/../lib/gcc/arm-none-linux-gnueabi/4.4.3]
    arg [-L/usr/local/arm/arm-linux-4.4.3/bin/../lib/gcc] ==> dir [/usr/local/arm/arm-linux-4.4.3/bin/../lib/gcc]
    arg [-L/usr/local/arm/arm-linux-4.4.3/bin/../lib/gcc/arm-none-linux-gnueabi/4.4.3/../../../../arm-none-linux-gnueabi/lib] ==> dir [/usr/local/arm/arm-linux-4.4.3/bin/../lib/gcc/arm-none-linux-gnueabi/4.4.3/../../../../arm-none-linux-gnueabi/lib]
    arg [-L/usr/local/arm/arm-linux-4.4.3/bin/../arm-none-linux-gnueabi//sys-root/lib] ==> dir [/usr/local/arm/arm-linux-4.4.3/bin/../arm-none-linux-gnueabi//sys-root/lib]
    arg [-L/usr/local/arm/arm-linux-4.4.3/bin/../arm-none-linux-gnueabi//sys-root/usr/lib] ==> dir [/usr/local/arm/arm-linux-4.4.3/bin/../arm-none-linux-gnueabi//sys-root/usr/lib]
    arg [CMakeFiles/cmTC_27715.dir/CMakeCXXCompilerABI.cpp.o] ==> ignore
    arg [-lstdc++] ==> lib [stdc++]
    arg [-lm] ==> lib [m]
    arg [-lgcc_s] ==> lib [gcc_s]
    arg [-lgcc] ==> lib [gcc]
    arg [-lc] ==> lib [c]
    arg [-lgcc_s] ==> lib [gcc_s]
    arg [-lgcc] ==> lib [gcc]
    arg [/usr/local/arm/arm-linux-4.4.3/bin/../lib/gcc/arm-none-linux-gnueabi/4.4.3/crtend.o] ==> ignore
    arg [/usr/local/arm/arm-linux-4.4.3/bin/../arm-none-linux-gnueabi//sys-root/usr/lib/crtn.o] ==> ignore
  collapse library dir [/usr/local/arm/arm-linux-4.4.3/bin/../lib/gcc/arm-none-linux-gnueabi/4.4.3] ==> [/usr/local/arm/arm-linux-4.4.3/lib/gcc/arm-none-linux-gnueabi/4.4.3]
  collapse library dir [/usr/local/arm/arm-linux-4.4.3/bin/../lib/gcc] ==> [/usr/local/arm/arm-linux-4.4.3/lib/gcc]
  collapse library dir [/usr/local/arm/arm-linux-4.4.3/bin/../lib/gcc/arm-none-linux-gnueabi/4.4.3/../../../../arm-none-linux-gnueabi/lib] ==> [/usr/local/arm/arm-linux-4.4.3/arm-none-linux-gnueabi/lib]
  collapse library dir [/usr/local/arm/arm-linux-4.4.3/bin/../arm-none-linux-gnueabi//sys-root/lib] ==> [/usr/local/arm/arm-linux-4.4.3/arm-none-linux-gnueabi/sys-root/lib]
  collapse library dir [/usr/local/arm/arm-linux-4.4.3/bin/../arm-none-linux-gnueabi//sys-root/usr/lib] ==> [/usr/local/arm/arm-linux-4.4.3/arm-none-linux-gnueabi/sys-root/usr/lib]
  implicit libs: [stdc++;m;gcc_s;gcc;c;gcc_s;gcc]
  implicit dirs: [/usr/local/arm/arm-linux-4.4.3/lib/gcc/arm-none-linux-gnueabi/4.4.3;/usr/local/arm/arm-linux-4.4.3/lib/gcc;/usr/local/arm/arm-linux-4.4.3/arm-none-linux-gnueabi/lib;/usr/local/arm/arm-linux-4.4.3/arm-none-linux-gnueabi/sys-root/lib;/usr/local/arm/arm-linux-4.4.3/arm-none-linux-gnueabi/sys-root/usr/lib]
  implicit fwks: []




Detecting CXX [-std=c++0x] compiler features compiled with the following output:
Change Dir: /home/nfs/home/LFAC/thirdparty/QEXT/build/CMakeFiles/CMakeTmp

Run Build Command:"/usr/bin/make" "cmTC_2071f/fast"
/usr/bin/make -f CMakeFiles/cmTC_2071f.dir/build.make CMakeFiles/cmTC_2071f.dir/build
make[1]: 进入目录“/home/nfs/home/LFAC/thirdparty/QEXT/build/CMakeFiles/CMakeTmp”
Building CXX object CMakeFiles/cmTC_2071f.dir/feature_tests.cxx.o
/usr/local/arm/arm-linux-4.4.3/bin/arm-none-linux-gnueabi-g++    -std=c++0x -o CMakeFiles/cmTC_2071f.dir/feature_tests.cxx.o -c /home/nfs/home/LFAC/thirdparty/QEXT/build/CMakeFiles/feature_tests.cxx
Linking CXX executable cmTC_2071f
/usr/bin/cmake -E cmake_link_script CMakeFiles/cmTC_2071f.dir/link.txt --verbose=1
/usr/local/arm/arm-linux-4.4.3/bin/arm-none-linux-gnueabi-g++       CMakeFiles/cmTC_2071f.dir/feature_tests.cxx.o  -o cmTC_2071f 
make[1]: 离开目录“/home/nfs/home/LFAC/thirdparty/QEXT/build/CMakeFiles/CMakeTmp”


    Feature record: CXX_FEATURE:0cxx_aggregate_default_initializers
    Feature record: CXX_FEATURE:0cxx_alias_templates
    Feature record: CXX_FEATURE:0cxx_alignas
    Feature record: CXX_FEATURE:0cxx_alignof
    Feature record: CXX_FEATURE:0cxx_attributes
    Feature record: CXX_FEATURE:0cxx_attribute_deprecated
    Feature record: CXX_FEATURE:1cxx_auto_type
    Feature record: CXX_FEATURE:0cxx_binary_literals
    Feature record: CXX_FEATURE:0cxx_constexpr
    Feature record: CXX_FEATURE:0cxx_contextual_conversions
    Feature record: CXX_FEATURE:1cxx_decltype
    Feature record: CXX_FEATURE:0cxx_decltype_auto
    Feature record: CXX_FEATURE:0cxx_decltype_incomplete_return_types
    Feature record: CXX_FEATURE:1cxx_default_function_template_args
    Feature record: CXX_FEATURE:1cxx_defaulted_functions
    Feature record: CXX_FEATURE:0cxx_defaulted_move_initializers
    Feature record: CXX_FEATURE:0cxx_delegating_constructors
    Feature record: CXX_FEATURE:1cxx_deleted_functions
    Feature record: CXX_FEATURE:0cxx_digit_separators
    Feature record: CXX_FEATURE:0cxx_enum_forward_declarations
    Feature record: CXX_FEATURE:0cxx_explicit_conversions
    Feature record: CXX_FEATURE:0cxx_extended_friend_declarations
    Feature record: CXX_FEATURE:1cxx_extern_templates
    Feature record: CXX_FEATURE:0cxx_final
    Feature record: CXX_FEATURE:1cxx_func_identifier
    Feature record: CXX_FEATURE:1cxx_generalized_initializers
    Feature record: CXX_FEATURE:0cxx_generic_lambdas
    Feature record: CXX_FEATURE:0cxx_inheriting_constructors
    Feature record: CXX_FEATURE:1cxx_inline_namespaces
    Feature record: CXX_FEATURE:0cxx_lambdas
    Feature record: CXX_FEATURE:0cxx_lambda_init_captures
    Feature record: CXX_FEATURE:0cxx_local_type_template_args
    Feature record: CXX_FEATURE:1cxx_long_long_type
    Feature record: CXX_FEATURE:0cxx_noexcept
    Feature record: CXX_FEATURE:0cxx_nonstatic_member_init
    Feature record: CXX_FEATURE:0cxx_nullptr
    Feature record: CXX_FEATURE:0cxx_override
    Feature record: CXX_FEATURE:0cxx_range_for
    Feature record: CXX_FEATURE:0cxx_raw_string_literals
    Feature record: CXX_FEATURE:0cxx_reference_qualified_functions
    Feature record: CXX_FEATURE:0cxx_relaxed_constexpr
    Feature record: CXX_FEATURE:0cxx_return_type_deduction
    Feature record: CXX_FEATURE:1cxx_right_angle_brackets
    Feature record: CXX_FEATURE:1cxx_rvalue_references
    Feature record: CXX_FEATURE:1cxx_sizeof_member
    Feature record: CXX_FEATURE:1cxx_static_assert
    Feature record: CXX_FEATURE:1cxx_strong_enums
    Feature record: CXX_FEATURE:1cxx_template_template_parameters
    Feature record: CXX_FEATURE:0cxx_thread_local
    Feature record: CXX_FEATURE:1cxx_trailing_return_types
    Feature record: CXX_FEATURE:1cxx_unicode_literals
    Feature record: CXX_FEATURE:1cxx_uniform_initialization
    Feature record: CXX_FEATURE:0cxx_unrestricted_unions
    Feature record: CXX_FEATURE:0cxx_user_literals
    Feature record: CXX_FEATURE:0cxx_variable_templates
    Feature record: CXX_FEATURE:1cxx_variadic_macros
    Feature record: CXX_FEATURE:1cxx_variadic_templates


Detecting CXX [-std=c++98] compiler features compiled with the following output:
Change Dir: /home/nfs/home/LFAC/thirdparty/QEXT/build/CMakeFiles/CMakeTmp

Run Build Command:"/usr/bin/make" "cmTC_75f7e/fast"
/usr/bin/make -f CMakeFiles/cmTC_75f7e.dir/build.make CMakeFiles/cmTC_75f7e.dir/build
make[1]: 进入目录“/home/nfs/home/LFAC/thirdparty/QEXT/build/CMakeFiles/CMakeTmp”
Building CXX object CMakeFiles/cmTC_75f7e.dir/feature_tests.cxx.o
/usr/local/arm/arm-linux-4.4.3/bin/arm-none-linux-gnueabi-g++    -std=c++98 -o CMakeFiles/cmTC_75f7e.dir/feature_tests.cxx.o -c /home/nfs/home/LFAC/thirdparty/QEXT/build/CMakeFiles/feature_tests.cxx
Linking CXX executable cmTC_75f7e
/usr/bin/cmake -E cmake_link_script CMakeFiles/cmTC_75f7e.dir/link.txt --verbose=1
/usr/local/arm/arm-linux-4.4.3/bin/arm-none-linux-gnueabi-g++       CMakeFiles/cmTC_75f7e.dir/feature_tests.cxx.o  -o cmTC_75f7e 
make[1]: 离开目录“/home/nfs/home/LFAC/thirdparty/QEXT/build/CMakeFiles/CMakeTmp”


    Feature record: CXX_FEATURE:0cxx_aggregate_default_initializers
    Feature record: CXX_FEATURE:0cxx_alias_templates
    Feature record: CXX_FEATURE:0cxx_alignas
    Feature record: CXX_FEATURE:0cxx_alignof
    Feature record: CXX_FEATURE:0cxx_attributes
    Feature record: CXX_FEATURE:0cxx_attribute_deprecated
    Feature record: CXX_FEATURE:0cxx_auto_type
    Feature record: CXX_FEATURE:0cxx_binary_literals
    Feature record: CXX_FEATURE:0cxx_constexpr
    Feature record: CXX_FEATURE:0cxx_contextual_conversions
    Feature record: CXX_FEATURE:0cxx_decltype
    Feature record: CXX_FEATURE:0cxx_decltype_auto
    Feature record: CXX_FEATURE:0cxx_decltype_incomplete_return_types
    Feature record: CXX_FEATURE:0cxx_default_function_template_args
    Feature record: CXX_FEATURE:0cxx_defaulted_functions
    Feature record: CXX_FEATURE:0cxx_defaulted_move_initializers
    Feature record: CXX_FEATURE:0cxx_delegating_constructors
    Feature record: CXX_FEATURE:0cxx_deleted_functions
    Feature record: CXX_FEATURE:0cxx_digit_separators
    Feature record: CXX_FEATURE:0cxx_enum_forward_declarations
    Feature record: CXX_FEATURE:0cxx_explicit_conversions
    Feature record: CXX_FEATURE:0cxx_extended_friend_declarations
    Feature record: CXX_FEATURE:0cxx_extern_templates
    Feature record: CXX_FEATURE:0cxx_final
    Feature record: CXX_FEATURE:0cxx_func_identifier
    Feature record: CXX_FEATURE:0cxx_generalized_initializers
    Feature record: CXX_FEATURE:0cxx_generic_lambdas
    Feature record: CXX_FEATURE:0cxx_inheriting_constructors
    Feature record: CXX_FEATURE:0cxx_inline_namespaces
    Feature record: CXX_FEATURE:0cxx_lambdas
    Feature record: CXX_FEATURE:0cxx_lambda_init_captures
    Feature record: CXX_FEATURE:0cxx_local_type_template_args
    Feature record: CXX_FEATURE:0cxx_long_long_type
    Feature record: CXX_FEATURE:0cxx_noexcept
    Feature record: CXX_FEATURE:0cxx_nonstatic_member_init
    Feature record: CXX_FEATURE:0cxx_nullptr
    Feature record: CXX_FEATURE:0cxx_override
    Feature record: CXX_FEATURE:0cxx_range_for
    Feature record: CXX_FEATURE:0cxx_raw_string_literals
    Feature record: CXX_FEATURE:0cxx_reference_qualified_functions
    Feature record: CXX_FEATURE:0cxx_relaxed_constexpr
    Feature record: CXX_FEATURE:0cxx_return_type_deduction
    Feature record: CXX_FEATURE:0cxx_right_angle_brackets
    Feature record: CXX_FEATURE:0cxx_rvalue_references
    Feature record: CXX_FEATURE:0cxx_sizeof_member
    Feature record: CXX_FEATURE:0cxx_static_assert
    Feature record: CXX_FEATURE:0cxx_strong_enums
    Feature record: CXX_FEATURE:1cxx_template_template_parameters
    Feature record: CXX_FEATURE:0cxx_thread_local
    Feature record: CXX_FEATURE:0cxx_trailing_return_types
    Feature record: CXX_FEATURE:0cxx_unicode_literals
    Feature record: CXX_FEATURE:0cxx_uniform_initialization
    Feature record: CXX_FEATURE:0cxx_unrestricted_unions
    Feature record: CXX_FEATURE:0cxx_user_literals
    Feature record: CXX_FEATURE:0cxx_variable_templates
    Feature record: CXX_FEATURE:0cxx_variadic_macros
    Feature record: CXX_FEATURE:0cxx_variadic_templates
